<?xml version="1.0" encoding="UTF-8"?>
<!-- Generated by org.testng.reporters.JUnitXMLReporter -->
<testsuite ignored="0" hostname="SRINIVAS-G2005" failures="0" tests="4" name="Default test" time="98.215" errors="0" timestamp="2025-03-09T20:59:26 IST">
  <testcase classname="automationBlogSpot.HandlingNormalTables" name="basicTableOperations" time="0.184"/>
  <testcase classname="automationBlogSpot.HandlingNormalTables" name="printTableData" time="1.045"/>
  <testcase classname="automationBlogSpot.HandlingNormalTables" name="getBookAuhter" time="0.322"/>
  <testcase classname="automationBlogSpot.HandlingNormalTables" name="sumOfAllBooksPrice" time="0.26"/>
</testsuite> <!-- Default test -->
