<?xml version="1.0" encoding="UTF-8"?>
<!-- Generated by org.testng.reporters.JUnitXMLReporter -->
<testsuite ignored="2" hostname="SRINIVAS-G2005" failures="0" tests="1" name="Default test" time="7.031" errors="0" timestamp="2025-04-02T21:46:11 IST">
  <testcase classname="automateNow.HandlingPaginationTable" name="contriesWithB" time="0.831"/>
  <testcase classname="automateNow.HandlingPaginationTable" name="sumOfTotalPopulation" time="0.0">
    <ignored/>
  </testcase> <!-- sumOfTotalPopulation -->
  <testcase classname="automateNow.HandlingPaginationTable" name="allCountries" time="0.0">
    <ignored/>
  </testcase> <!-- allCountries -->
</testsuite> <!-- Default test -->
