<?xml version="1.0" encoding="UTF-8"?>
<testng-results ignored="0" total="3" passed="3" failed="0" skipped="0">
  <reporter-output>
  </reporter-output>
  <suite started-at="2025-07-02T20:45:59 IST" name="Default suite" finished-at="2025-07-02T20:46:05 IST" duration-ms="6317">
    <groups>
    </groups>
    <test started-at="2025-07-02T20:45:59 IST" name="Default test" finished-at="2025-07-02T20:46:05 IST" duration-ms="6317">
      <class name="tutorialsPoint.Handling_WebTable">
        <test-method is-config="true" signature="SetUp()[pri:0, instance:tutorialsPoint.Handling_WebTable@6771beb3]" started-at="2025-07-02T20:45:59 IST" name="SetUp" finished-at="2025-07-02T20:46:03 IST" duration-ms="4162" status="PASS">
          <reporter-output>
          </reporter-output>
        </test-method> <!-- SetUp -->
        <test-method signature="printTotalTable()[pri:1, instance:tutorialsPoint.Handling_WebTable@6771beb3]" started-at="2025-07-02T20:46:03 IST" name="printTotalTable" finished-at="2025-07-02T20:46:05 IST" duration-ms="1665" status="PASS">
          <reporter-output>
          </reporter-output>
        </test-method> <!-- printTotalTable -->
        <test-method signature="sumOfSalary()[pri:2, instance:tutorialsPoint.Handling_WebTable@6771beb3]" started-at="2025-07-02T20:46:05 IST" name="sumOfSalary" finished-at="2025-07-02T20:46:05 IST" duration-ms="1" status="PASS">
          <reporter-output>
          </reporter-output>
        </test-method> <!-- sumOfSalary -->
        <test-method signature="deleteRecords()[pri:3, instance:tutorialsPoint.Handling_WebTable@6771beb3]" started-at="2025-07-02T20:46:05 IST" name="deleteRecords" finished-at="2025-07-02T20:46:05 IST" duration-ms="2" status="PASS">
          <reporter-output>
          </reporter-output>
        </test-method> <!-- deleteRecords -->
        <test-method is-config="true" signature="tearDown()[pri:0, instance:tutorialsPoint.Handling_WebTable@6771beb3]" started-at="2025-07-02T20:46:05 IST" name="tearDown" finished-at="2025-07-02T20:46:05 IST" duration-ms="423" status="PASS">
          <reporter-output>
          </reporter-output>
        </test-method> <!-- tearDown -->
      </class> <!-- tutorialsPoint.Handling_WebTable -->
    </test> <!-- Default test -->
  </suite> <!-- Default suite -->
</testng-results>
