<?xml version="1.0" encoding="UTF-8"?>
<testng-results ignored="0" total="1" passed="1" failed="0" skipped="0">
  <reporter-output>
  </reporter-output>
  <suite started-at="2025-04-03T19:37:22 IST" name="Default suite" finished-at="2025-04-03T19:37:29 IST" duration-ms="7088">
    <groups>
    </groups>
    <test started-at="2025-04-03T19:37:22 IST" name="Default test" finished-at="2025-04-03T19:37:29 IST" duration-ms="7088">
      <class name="automationBlogSpot.HandlingDynamicTable">
        <test-method is-config="true" signature="setUp()[pri:0, instance:automationBlogSpot.HandlingDynamicTable@6771beb3]" started-at="2025-04-03T19:37:22 IST" name="setUp" finished-at="2025-04-03T19:37:29 IST" duration-ms="6745" status="PASS">
          <reporter-output>
          </reporter-output>
        </test-method> <!-- setUp -->
        <test-method signature="chromeNetworkSpeed()[pri:0, instance:automationBlogSpot.HandlingDynamicTable@6771beb3]" started-at="2025-04-03T19:37:29 IST" name="chromeNetworkSpeed" description="Network speed of Chrome process" finished-at="2025-04-03T19:37:29 IST" duration-ms="164" status="PASS">
          <reporter-output>
          </reporter-output>
        </test-method> <!-- chromeNetworkSpeed -->
        <test-method is-config="true" signature="tearDown()[pri:0, instance:automationBlogSpot.HandlingDynamicTable@6771beb3]" started-at="2025-04-03T19:37:29 IST" name="tearDown" finished-at="2025-04-03T19:37:29 IST" duration-ms="148" status="PASS">
          <reporter-output>
          </reporter-output>
        </test-method> <!-- tearDown -->
      </class> <!-- automationBlogSpot.HandlingDynamicTable -->
    </test> <!-- Default test -->
  </suite> <!-- Default suite -->
</testng-results>
